<?xml version="1.0" encoding="UTF-8"?>
<testsuite xmlns:xsi="http://www.w3.org/2001/XMLSchema-instance" xsi:schemaLocation="https://maven.apache.org/surefire/maven-surefire-plugin/xsd/surefire-test-report.xsd" name="com.TestUserScenarios" time="43.634" tests="14" errors="0" skipped="0" failures="0">
  <properties>
[...]
</properties>
  <testcase name="tc10_ValidateLongEmailErrorMessage" classname="com.TestUserScenarios" time="5.979"/>
  <testcase name="tc01_ValidateBlankUserNameErrorMessage" classname="com.TestUserScenarios" time="1.691"/>
  <testcase name="tc08_DuplicateUserTest" classname="com.TestUserScenarios" time="3.827"/>
  <testcase name="tc05_CreateValidUser" classname="com.TestUserScenarios" time="2.574"/>
  <testcase name="tc03_ValidateBlankPasswordErrorMessage" classname="com.TestUserScenarios" time="2.435"/>
  <testcase name="tc06_DifferentPasswordValidation" classname="com.TestUserScenarios" time="3.816"/>
  <testcase name="tc_12_ValidateAllFields" classname="com.TestUserScenarios" time="0.889"/>
  <testcase name="tc09_ValidateLongUserNameErrorMessage" classname="com.TestUserScenarios" time="5.995"/>
  <testcase name="tc14_ValidateInvalidEmailErrorMessage" classname="com.TestUserScenarios" time="1.802"/>
  <testcase name="tc02_ValidateBlankEmailErrorMessage" classname="com.TestUserScenarios" time="1.677"/>
  <testcase name="tc11_ValidateLongPasswordErrorMessage" classname="com.TestUserScenarios" time="5.194"/>
  <testcase name="tc07_SamePasswordDifferentCaseValidation" classname="com.TestUserScenarios" time="2.561"/>
  <testcase name="tc04_ValidateAllFieldsErrorMessage" classname="com.TestUserScenarios" time="1.713"/>
  <testcase name="tc13_UserNameSpecialCharacters" classname="com.TestUserScenarios" time="2.384"/>
</testsuite>